proguard/seeds.txt
com.xortech.sender.MyPreferences
com.xortech.sender.MyPreferences: MyPreferences()
com.xortech.sender.MyUpdateReceiver
com.xortech.sender.MyUpdateReceiver: MyUpdateReceiver()
com.xortech.sender.R$anim: int cycle_seven
com.xortech.sender.R$anim: int shake
com.xortech.sender.R$attr: int adSize
com.xortech.sender.R$attr: int adUnitId
com.xortech.sender.R$attr: int cameraBearing
com.xortech.sender.R$attr: int cameraTargetLat
com.xortech.sender.R$attr: int cameraTargetLng
com.xortech.sender.R$attr: int cameraTilt
com.xortech.sender.R$attr: int cameraZoom
com.xortech.sender.R$attr: int mapType
com.xortech.sender.R$attr: int uiCompass
com.xortech.sender.R$attr: int uiRotateGestures
com.xortech.sender.R$attr: int uiScrollGestures
com.xortech.sender.R$attr: int uiTiltGestures
com.xortech.sender.R$attr: int uiZoomControls
com.xortech.sender.R$attr: int uiZoomGestures
com.xortech.sender.R$attr: int useViewLifecycle
com.xortech.sender.R$attr: int zOrderOnTop
com.xortech.sender.R$color: int Black
com.xortech.sender.R$color: int DynamicText
com.xortech.sender.R$color: int StaticText
com.xortech.sender.R$color: int White
com.xortech.sender.R$color: int common_action_bar_splitter
com.xortech.sender.R$color: int common_signin_btn_dark_text_default
com.xortech.sender.R$color: int common_signin_btn_dark_text_disabled
com.xortech.sender.R$color: int common_signin_btn_dark_text_focused
com.xortech.sender.R$color: int common_signin_btn_dark_text_pressed
com.xortech.sender.R$color: int common_signin_btn_default_background
com.xortech.sender.R$color: int common_signin_btn_light_text_default
com.xortech.sender.R$color: int common_signin_btn_light_text_disabled
com.xortech.sender.R$color: int common_signin_btn_light_text_focused
com.xortech.sender.R$color: int common_signin_btn_light_text_pressed
com.xortech.sender.R$color: int common_signin_btn_text_dark
com.xortech.sender.R$color: int common_signin_btn_text_light
com.xortech.sender.R$dimen: int activity_horizontal_margin
com.xortech.sender.R$dimen: int activity_vertical_margin
com.xortech.sender.R$drawable: int black_radar
com.xortech.sender.R$drawable: int blank_bak
com.xortech.sender.R$drawable: int blk_btn
com.xortech.sender.R$drawable: int blue_radar
com.xortech.sender.R$drawable: int brown_radar
com.xortech.sender.R$drawable: int common_signin_btn_icon_dark
com.xortech.sender.R$drawable: int common_signin_btn_icon_disabled_dark
com.xortech.sender.R$drawable: int common_signin_btn_icon_disabled_focus_dark
com.xortech.sender.R$drawable: int common_signin_btn_icon_disabled_focus_light
com.xortech.sender.R$drawable: int common_signin_btn_icon_disabled_light
com.xortech.sender.R$drawable: int common_signin_btn_icon_focus_dark
com.xortech.sender.R$drawable: int common_signin_btn_icon_focus_light
com.xortech.sender.R$drawable: int common_signin_btn_icon_light
com.xortech.sender.R$drawable: int common_signin_btn_icon_normal_dark
com.xortech.sender.R$drawable: int common_signin_btn_icon_normal_light
com.xortech.sender.R$drawable: int common_signin_btn_icon_pressed_dark
com.xortech.sender.R$drawable: int common_signin_btn_icon_pressed_light
com.xortech.sender.R$drawable: int common_signin_btn_text_dark
com.xortech.sender.R$drawable: int common_signin_btn_text_disabled_dark
com.xortech.sender.R$drawable: int common_signin_btn_text_disabled_focus_dark
com.xortech.sender.R$drawable: int common_signin_btn_text_disabled_focus_light
com.xortech.sender.R$drawable: int common_signin_btn_text_disabled_light
...
com.google.android.gms.internal.dd
com.google.android.gms.internal.dr
com.google.android.gms.internal.dt
com.google.android.gms.internal.dt$a
com.google.android.gms.internal.dw$a
com.google.android.gms.internal.dz
com.google.android.gms.internal.dz$a
com.google.android.gms.internal.dz$b
com.google.android.gms.internal.ec
com.google.android.gms.internal.en
com.google.android.gms.internal.fa
com.google.android.gms.internal.fn
com.google.android.gms.internal.fq
com.google.android.gms.internal.fs
com.google.android.gms.internal.fv
com.google.android.gms.internal.fv$a
com.google.android.gms.internal.fv$b
com.google.android.gms.internal.fv$b$a
com.google.android.gms.internal.fv$b$b
com.google.android.gms.internal.fv$c
com.google.android.gms.internal.fv$d
com.google.android.gms.internal.fv$f
com.google.android.gms.internal.fv$g
com.google.android.gms.internal.fv$h
com.google.android.gms.internal.v
com.google.android.gms.internal.x
com.google.android.gms.location.ActivityRecognitionResult
com.google.android.gms.location.DetectedActivity
com.google.android.gms.location.LocationRequest
com.google.android.gms.maps.GoogleMapOptions
com.google.android.gms.maps.MapFragment
com.google.android.gms.maps.MapFragment: MapFragment()
com.google.android.gms.maps.MapView: com.google.android.gms.maps.GoogleMap getMap()
com.google.android.gms.maps.model.CameraPosition
com.google.android.gms.maps.model.CircleOptions
com.google.android.gms.maps.model.GroundOverlayOptions
com.google.android.gms.maps.model.LatLng
com.google.android.gms.maps.model.LatLngBounds
com.google.android.gms.maps.model.MarkerOptions
com.google.android.gms.maps.model.PolygonOptions
com.google.android.gms.maps.model.PolylineOptions
com.google.android.gms.maps.model.Tile
com.google.android.gms.maps.model.TileOverlayOptions
com.google.android.gms.maps.model.VisibleRegion
com.google.android.gms.plus.PlusOneButton: void setOnPlusOneClickListener(com.google.android.gms.plus.PlusOneButton$OnPlusOneClickListener)
com.google.android.gms.plus.PlusOneButton: void setAnnotation(int)
com.google.android.gms.plus.PlusOneButton: void setSize(int)
com.google.android.gms.plus.PlusOneButtonWithPopup: void setOnClickListener(android.view.View$OnClickListener)
com.google.android.gms.plus.PlusOneButtonWithPopup: void setAnnotation(int)
com.google.android.gms.plus.PlusOneButtonWithPopup: void setSize(int)
com.google.android.gms.plus.PlusOneButtonWithPopup: android.app.PendingIntent getResolution()
com.google.android.gms.wallet.Address
com.google.android.gms.wallet.Address: android.os.Parcelable$Creator CREATOR
com.google.android.gms.wallet.Cart
com.google.android.gms.wallet.Cart: android.os.Parcelable$Creator CREATOR
com.google.android.gms.wallet.FullWallet
com.google.android.gms.wallet.FullWallet: android.os.Parcelable$Creator CREATOR
com.google.android.gms.wallet.FullWalletRequest
com.google.android.gms.wallet.FullWalletRequest: android.os.Parcelable$Creator CREATOR
com.google.android.gms.wallet.LineItem
com.google.android.gms.wallet.LineItem: android.os.Parcelable$Creator CREATOR
com.google.android.gms.wallet.LoyaltyWalletObject
com.google.android.gms.wallet.LoyaltyWalletObject: android.os.Parcelable$Creator CREATOR
com.google.android.gms.wallet.MaskedWallet
com.google.android.gms.wallet.MaskedWallet: android.os.Parcelable$Creator CREATOR
com.google.android.gms.wallet.MaskedWalletRequest
com.google.android.gms.wallet.MaskedWalletRequest: android.os.Parcelable$Creator CREATOR
com.google.android.gms.wallet.NotifyTransactionStatusRequest
com.google.android.gms.wallet.NotifyTransactionStatusRequest: android.os.Parcelable$Creator CREATOR
com.google.android.gms.wallet.OfferWalletObject
com.google.android.gms.wallet.OfferWalletObject: android.os.Parcelable$Creator CREATOR
com.google.android.gms.wallet.ProxyCard
com.google.android.gms.wallet.ProxyCard: android.os.Parcelable$Creator CREATOR
com.xortech.map.GPSTracker
com.xortech.map.GPSTracker: GPSTracker(android.content.Context)