proguard/mapping.txt
com.xortech.sender.MyPreferences -> com.xortech.sender.MyPreferences:
    void onCreate(android.os.Bundle) -> onCreate
    boolean onOptionsItemSelected(android.view.MenuItem) -> onOptionsItemSelected
    void onBackPressed() -> onBackPressed
com.xortech.sender.MyUpdateReceiver -> com.xortech.sender.MyUpdateReceiver:
    void onReceive(android.content.Context,android.content.Intent) -> onReceive
    void trimCache(android.content.Context) -> a
    boolean deleteDir(java.io.File) -> a
com.xortech.sender.SenderMain -> com.xortech.sender.SenderMain:
    int RQS_GooglePlayServices -> n
    com.xortech.sender.SmsReceiver mReceiver -> s
    int numberRuns -> o
    com.xortech.sender.SenderMain$SectionsPagerAdapter mSectionsPagerAdapter -> p
    android.support.v4.view.ViewPager mViewPager -> q
    android.content.SharedPreferences preferences -> r
    void onCreate(android.os.Bundle) -> onCreate
    boolean onCreateOptionsMenu(android.view.Menu) -> onCreateOptionsMenu
    boolean onOptionsItemSelected(android.view.MenuItem) -> onOptionsItemSelected
    void onTabSelected(android.app.ActionBar$Tab,android.app.FragmentTransaction) -> onTabSelected
    void onTabUnselected(android.app.ActionBar$Tab,android.app.FragmentTransaction) -> onTabUnselected
    void onTabReselected(android.app.ActionBar$Tab,android.app.FragmentTransaction) -> onTabReselected
    android.app.Dialog onCreateDialog(int) -> onCreateDialog
    void onSaveInstanceState(android.os.Bundle) -> onSaveInstanceState
    void onStart() -> onStart
    void onRestart() -> onRestart
    void onResume() -> onResume
    void onPause() -> onPause
    void onStop() -> onStop
    void onDestroy() -> onDestroy
    void onBackPressed() -> onBackPressed
    void trimCache(android.content.Context) -> a
    boolean deleteDir(java.io.File) -> a
    void access$0(com.xortech.sender.SenderMain) -> a
com.xortech.sender.SenderMain$1 -> com.xortech.sender.a:
    com.xortech.sender.SenderMain this$0 -> a
    android.app.ActionBar val$actionBar -> b
    void onPageSelected(int) -> a
com.xortech.sender.SenderMain$2 -> com.xortech.sender.b:
    com.xortech.sender.SenderMain this$0 -> a
    void onClick(android.content.DialogInterface,int) -> onClick
com.xortech.sender.SenderMain$3 -> com.xortech.sender.c:
    com.xortech.sender.SenderMain this$0 -> a
    android.widget.EditText val$password1 -> b
    void onClick(android.content.DialogInterface,int) -> onClick
com.xortech.sender.SenderMain$4 -> com.xortech.sender.d:
    com.xortech.sender.SenderMain this$0 -> a
    void onClick(android.content.DialogInterface,int) -> onClick
com.xortech.sender.SenderMain$SectionsPagerAdapter -> com.xortech.sender.e:
    com.xortech.sender.SenderMain this$0 -> a
    android.support.v4.app.Fragment getItem(int) -> a
    int getCount() -> b
    java.lang.CharSequence getPageTitle(int) -> c
com.xortech.sender.SenderReceive -> com.xortech.sender.f:
    android.widget.Button locateTags -> P
    android.widget.Button deleteSMS -> Q
    android.widget.Button updateList -> R
    android.widget.Button mapTags -> S
    android.content.SharedPreferences preferences -> T
    android.content.Context context -> U
    android.widget.ListView smsListView -> V
    com.xortech.sender.SenderReceive$Message_Adapter mAdapter -> W
    com.xortech.database.MsgDatabaseHandler db -> X
    java.lang.String msg -> Y
    int counter -> Z
    java.util.ArrayList message_data -> aa
    android.view.View onCreateView(android.view.LayoutInflater,android.view.ViewGroup,android.os.Bundle) -> a
    java.lang.String getDifference(long,long) -> a
    void Set_Referash_Data() -> z
    void SendToMyTags(int) -> a
    void onResume() -> i
com.xortech.sender.SenderReceive$1 -> com.xortech.sender.g:
    com.xortech.sender.SenderReceive this$0 -> a
    boolean onLongClick(android.view.View) -> onLongClick
...
android.support.v4.app.NotificationCompat -> android.support.v4.app.aj:
    android.support.v4.app.NotificationCompat$NotificationCompatImpl IMPL -> a
    android.support.v4.app.NotificationCompat$NotificationCompatImpl access$000() -> a
android.support.v4.app.NotificationCompat$Action -> android.support.v4.app.ak:
    int icon -> a
    java.lang.CharSequence title -> b
    android.app.PendingIntent actionIntent -> c
android.support.v4.app.NotificationCompat$BigPictureStyle -> android.support.v4.app.al:
    android.graphics.Bitmap mPicture -> a
    android.graphics.Bitmap mBigLargeIcon -> b
    boolean mBigLargeIconSet -> c
android.support.v4.app.NotificationCompat$BigTextStyle -> android.support.v4.app.am:
    java.lang.CharSequence mBigText -> a
android.support.v4.app.NotificationCompat$Builder -> android.support.v4.app.an:
    android.content.Context mContext -> a
    java.lang.CharSequence mContentTitle -> b
    java.lang.CharSequence mContentText -> c
    android.app.PendingIntent mContentIntent -> d
    android.app.PendingIntent mFullScreenIntent -> e
    android.widget.RemoteViews mTickerView -> f
    android.graphics.Bitmap mLargeIcon -> g
    java.lang.CharSequence mContentInfo -> h
    int mNumber -> i
    int mPriority -> j
    boolean mUseChronometer -> k
    android.support.v4.app.NotificationCompat$Style mStyle -> l
    java.lang.CharSequence mSubText -> m
    int mProgressMax -> n
    int mProgress -> o
    boolean mProgressIndeterminate -> p
    java.util.ArrayList mActions -> q
    android.app.Notification mNotification -> r
    android.support.v4.app.NotificationCompat$Builder setSmallIcon(int) -> a
    android.support.v4.app.NotificationCompat$Builder setContentTitle(java.lang.CharSequence) -> a
    android.support.v4.app.NotificationCompat$Builder setContentText(java.lang.CharSequence) -> b
    android.support.v4.app.NotificationCompat$Builder setSound(android.net.Uri) -> a
    android.app.Notification build() -> a
android.support.v4.app.NotificationCompat$InboxStyle -> android.support.v4.app.ao:
    java.util.ArrayList mTexts -> a
android.support.v4.app.NotificationCompat$NotificationCompatImpl -> android.support.v4.app.ap:
    android.app.Notification build(android.support.v4.app.NotificationCompat$Builder) -> a
android.support.v4.app.NotificationCompat$NotificationCompatImplBase -> android.support.v4.app.aq:
    android.app.Notification build(android.support.v4.app.NotificationCompat$Builder) -> a
android.support.v4.app.NotificationCompat$NotificationCompatImplHoneycomb -> android.support.v4.app.ar:
    android.app.Notification build(android.support.v4.app.NotificationCompat$Builder) -> a
android.support.v4.app.NotificationCompat$NotificationCompatImplIceCreamSandwich -> android.support.v4.app.as:
    android.app.Notification build(android.support.v4.app.NotificationCompat$Builder) -> a
android.support.v4.app.NotificationCompat$NotificationCompatImplJellybean -> android.support.v4.app.at:
    android.app.Notification build(android.support.v4.app.NotificationCompat$Builder) -> a
android.support.v4.app.NotificationCompat$Style -> android.support.v4.app.au:
    java.lang.CharSequence mBigContentTitle -> d
    java.lang.CharSequence mSummaryText -> e
    boolean mSummaryTextSet -> f
android.support.v4.app.NotificationCompatHoneycomb -> android.support.v4.app.av:
    android.app.Notification add(android.content.Context,android.app.Notification,java.lang.CharSequence,java.lang.CharSequence,java.lang.CharSequence,android.widget.RemoteViews,int,android.app.PendingIntent,android.app.PendingIntent,android.graphics.Bitmap) -> a
android.support.v4.app.NotificationCompatIceCreamSandwich -> android.support.v4.app.aw:
    android.app.Notification add(android.content.Context,android.app.Notification,java.lang.CharSequence,java.lang.CharSequence,java.lang.CharSequence,android.widget.RemoteViews,int,android.app.PendingIntent,android.app.PendingIntent,android.graphics.Bitmap,int,int,boolean) -> a