proguard/usage.txt
com.xortech.sender.BuildConfig
com.xortech.sender.Manifest
com.xortech.sender.Manifest$permission
com.xortech.sender.R
com.xortech.sender.R$anim
com.xortech.sender.R$attr
com.xortech.sender.R$color
com.xortech.sender.R$dimen
com.xortech.sender.R$drawable
com.xortech.sender.R$id
com.xortech.sender.R$integer
com.xortech.sender.R$layout
com.xortech.sender.R$menu
com.xortech.sender.R$raw
com.xortech.sender.R$string
com.xortech.sender.R$style
com.xortech.sender.R$styleable
com.xortech.sender.R$xml
com.xortech.sender.SenderMain:
    public static final int DIALOG_ASK_PASSWORD
    public static final java.lang.String DEFAULT_CODE
    private static final int ZERO
    private static final int MENU_EXIT
    private static final int MENU_RATE
    private static final int MENU_TAGS
    private static final int MENU_PANIC
com.xortech.sender.SenderReceive:
    public static final java.lang.String DEFAULT_PHONE
    public static final java.lang.String SECRET_LOCATION_C
    public static final java.lang.String SECRET_LOCATION_D
    public static final java.lang.String DEFAULT_PASSWORD
    public static final java.lang.String ADDRESS
    public static final java.lang.String BODY
    public static final java.lang.String GOOGLE_STRING
    public static final int DOUBLE_ZERO
    public static final int ZERO
    public static final java.lang.String AT
    public static final int RESET
    public static final int SEND
    java.lang.String toastMsg
    254:255:public void Show_Toast(java.lang.String)
com.xortech.sender.SenderSend:
    public static final int THREE_SECONDS
    public static final long ONE_SECOND
    public static final long ONE_MINUTE
    public static final java.lang.String GOOGLE_STRING
    public static final java.lang.String DEFAULT_PHONE
    public static final java.lang.String PANIC_TEXT
    public static final java.lang.String STOP_TEXT
    public static final java.lang.String DEFAULT_NUMBER
    public static final java.lang.String DEFAULT_TAGID
com.xortech.sender.SmsReceiver:
    private static final java.lang.String SMS_EXTRA_NAME
    private static final java.lang.String SECRET_LOCATION_A
    private static final java.lang.String SECRET_LOCATION_B
    private static final java.lang.String SECRET_LOCATION_C
    private static final java.lang.String SECRET_LOCATION_D
    private static final java.lang.String GOOGLE_STRING
    private static final java.lang.String DEFAULT_NUMBER
    private static final java.lang.String DEFAULT_CODE
    private static final java.lang.String DEFAULT_TAGID
    private static final java.lang.String PANIC_TXT
    private static final java.lang.String UNDER_DURRESS
    private static final java.lang.String BEGIN_PATH
    private static final java.lang.String FILE_PATH
    private static final long FIVE_SECONDS
    private static final java.lang.String NO_COORDS
    com.xortech.sender.SenderReceive deviceMap
...
com.google.android.gms.games.PlayerEntity:
    public void getDisplayName(android.database.CharArrayBuffer)
    public boolean hasIconImage()
    public boolean hasHiResImage()
    public boolean isDataValid()
com.google.android.gms.games.achievement.Achievement
com.google.android.gms.games.achievement.AchievementBuffer
com.google.android.gms.games.achievement.OnAchievementUpdatedListener
com.google.android.gms.games.achievement.OnAchievementsLoadedListener
com.google.android.gms.games.achievement.a
com.google.android.gms.games.b:
    public b(com.google.android.gms.common.data.d,int)
    public void getDisplayName(android.database.CharArrayBuffer)
    public void getDescription(android.database.CharArrayBuffer)
    public void getDeveloperName(android.database.CharArrayBuffer)
com.google.android.gms.games.d:
    public void getDisplayName(android.database.CharArrayBuffer)
    public boolean hasIconImage()
    public boolean hasHiResImage()
com.google.android.gms.games.leaderboard.Leaderboard
com.google.android.gms.games.leaderboard.LeaderboardBuffer
com.google.android.gms.games.leaderboard.LeaderboardScore
com.google.android.gms.games.leaderboard.LeaderboardScoreBuffer
com.google.android.gms.games.leaderboard.LeaderboardVariant
com.google.android.gms.games.leaderboard.OnLeaderboardMetadataLoadedListener
com.google.android.gms.games.leaderboard.OnLeaderboardScoresLoadedListener
com.google.android.gms.games.leaderboard.OnScoreSubmittedListener
com.google.android.gms.games.leaderboard.SubmitScoreResult
com.google.android.gms.games.leaderboard.SubmitScoreResult$Result
com.google.android.gms.games.leaderboard.a
com.google.android.gms.games.leaderboard.b
com.google.android.gms.games.leaderboard.c
com.google.android.gms.games.leaderboard.d
com.google.android.gms.games.leaderboard.e
com.google.android.gms.games.multiplayer.InvitationBuffer
com.google.android.gms.games.multiplayer.InvitationEntity:
    public boolean isDataValid()
com.google.android.gms.games.multiplayer.OnInvitationReceivedListener
com.google.android.gms.games.multiplayer.OnInvitationsLoadedListener
com.google.android.gms.games.multiplayer.Participant:
    public static final int STATUS_INVITED
    public static final int STATUS_JOINED
    public static final int STATUS_DECLINED
    public static final int STATUS_LEFT
    public abstract void getDisplayName(android.database.CharArrayBuffer)
com.google.android.gms.games.multiplayer.ParticipantBuffer
com.google.android.gms.games.multiplayer.ParticipantEntity:
    public void getDisplayName(android.database.CharArrayBuffer)
    public boolean isDataValid()
com.google.android.gms.games.multiplayer.ParticipantUtils
com.google.android.gms.games.multiplayer.b:
    b(com.google.android.gms.common.data.d,int,int)
com.google.android.gms.games.multiplayer.d:
    public void getDisplayName(android.database.CharArrayBuffer)
com.google.android.gms.games.multiplayer.realtime.RealTimeMessage:
    public static final int UNRELIABLE
    public static final int RELIABLE
    public java.lang.String getSenderParticipantId()
    public byte[] getMessageData()
    public boolean isReliable()
com.google.android.gms.games.multiplayer.realtime.RealTimeMessageReceivedListener
com.google.android.gms.games.multiplayer.realtime.RealTimeReliableMessageSentListener
com.google.android.gms.games.multiplayer.realtime.RealTimeSocket
com.google.android.gms.games.multiplayer.realtime.Room:
    public static final int ROOM_VARIANT_ANY
    public static final int ROOM_STATUS_INVITING
    public static final int ROOM_STATUS_AUTO_MATCHING
    public static final int ROOM_STATUS_CONNECTING
    public static final int ROOM_STATUS_ACTIVE
    public abstract void getDescription(android.database.CharArrayBuffer)
    public abstract int getParticipantStatus(java.lang.String)
    public abstract java.util.ArrayList getParticipantIds()
    public abstract java.lang.String getParticipantId(java.lang.String)